<?xml version="1.0" encoding="UTF-8"?>
<!-- Generated by org.testng.reporters.JUnitReportReporter -->
<testsuite hostname="AMIT" failures="0" tests="1" name="testpack.testclass" time="8.227" errors="0" timestamp="2022-10-02T03:02:46 IST" skipped="0">
  <testcase classname="testpack.testclass" name="homepage" time="8.227"/>
  <system-out/>
</testsuite> <!-- testpack.testclass -->
