<?xml version="1.0" encoding="UTF-8"?>
<!-- Generated by org.testng.reporters.JUnitReportReporter -->
<testsuite hostname="AMIT" failures="0" tests="1" name="testpack.TestGroww" time="2.269" errors="0" timestamp="2022-10-02T15:08:19 IST" skipped="0">
  <testcase classname="testpack.TestGroww" name="test" time="2.269"/>
  <system-out/>
</testsuite> <!-- testpack.TestGroww -->
