<?xml version="1.0" encoding="UTF-8"?>
<!-- Generated by org.testng.reporters.JUnitReportReporter -->
<testsuite hostname="AMIT" failures="0" tests="5" name="TestZerodha.testclass" time="52.107" errors="0" timestamp="2022-10-03T04:14:38 IST" skipped="0">
  <testcase classname="TestZerodha.testclass" name="testorders" time="10.300"/>
  <system-out/>
  <testcase classname="TestZerodha.testclass" name="testholdings" time="9.899"/>
  <system-out/>
  <testcase classname="TestZerodha.testclass" name="testpositions" time="10.440"/>
  <system-out/>
  <testcase classname="TestZerodha.testclass" name="testfunds" time="9.932"/>
  <system-out/>
  <testcase classname="TestZerodha.testclass" name="testapps" time="11.536"/>
  <system-out/>
</testsuite> <!-- TestZerodha.testclass -->
